2024-12-19 08:23:13 - ERROR: 
Invalid `prisma.transactions.update()` invocation in
/home/danieldevelop/Projects/conectarapp-backend/src/repository/financeRepository.ts:50:35

  47 
  48 export const updateBolecode = async (data: Partial<bolecode>, id: number): Promise<void> => {
  49     try {
→ 50         await prisma.transactions.update({
               data: {
                 transaction_gateway_id: "228114fb-b242-4881-8161-14c84968be0c",
                 ~~~~~~~~~~~~~~~~~~~~~~
             ?   value?: Decimal | DecimalFieldUpdateOperationsInput,
             ?   value_paid?: Decimal | NullableDecimalFieldUpdateOperationsInput | Null,
             ?   payment_date?: DateTime | NullableDateTimeFieldUpdateOperationsInput | Null,
             ?   createdAt?: DateTime | DateTimeFieldUpdateOperationsInput,
             ?   updatedAt?: DateTime | NullableDateTimeFieldUpdateOperationsInput | Null,
             ?   restaurant?: restaurantUpdateOneRequiredWithoutTransactionsNestedInput,
             ?   transactions_type?: transactions_typeUpdateOneRequiredWithoutTransactionsNestedInput,
             ?   order?: orderUpdateOneRequiredWithoutTransactionsNestedInput,
             ?   payment_ways?: payment_waysUpdateOneRequiredWithoutTransactionsNestedInput,
             ?   status?: statusUpdateOneRequiredWithoutTransactionsNestedInput,
             ?   bolecode?: bolecodeUpdateManyWithoutTransactionsNestedInput
               },
               where: {
                 id: 4
               }
             })

Unknown argument `transaction_gateway_id`. Available options are marked with ?.
